[BACKEND] 2024-09-01 10:05:21 ERROR: Database connection failed.
[BACKEND] 2024-09-01 10:05:21 ERROR: Database connection failed.
[BACKEND] 2024-09-01 10:05:21 ERROR: Database connection failed.
[BACKEND] 2024-09-01 10:05:21 ERROR: Database connection failed.
[BACKEND] 2024-09-01 10:05:21 ERROR: Database connection failed.
[BACKEND] 2024-09-01 10:07:35 ERROR: Database connection failed.
[BACKEND] 2024-09-01 10:07:35 ERROR: Database connection failed.
[BACKEND] 2024-09-01 10:07:35 ERROR: Database connection failed.
[BACKEND] 2024-09-01 10:07:35 ERROR: Database connection failed.
[BACKEND] 2024-09-01 10:07:35 ERROR: Database connection failed.
[FRONTEND] 2024-09-01 10:15:00 ERROR: Failed to load user profile for user ID 12345.
[FRONTEND] 2024-09-01 10:15:00 ERROR: Failed to load user profile for user ID 12345.
[FRONTEND] 2024-09-01 10:15:00 ERROR: Failed to load user profile for user ID 12345.
[FRONTEND] 2024-09-01 10:15:00 ERROR: Failed to load user profile for user ID 12345.
[FRONTEND] 2024-09-01 10:15:00 ERROR: Failed to load user profile for user ID 12345.
[FRONTEND] 2024-09-01 10:20:10 INFO: SENSITIVE_DATA: User email: user@example.com fetched profile data.
[FRONTEND] 2024-09-01 10:20:10 INFO: SENSITIVE_DATA: User email: user@example.com fetched profile data.
[FRONTEND] 2024-09-01 10:20:10 INFO: SENSITIVE_DATA: User email: user@example.com fetched profile data.
[FRONTEND] 2024-09-01 10:20:10 INFO: SENSITIVE_DATA: User email: user@example.com fetched profile data.
[FRONTEND] 2024-09-01 10:20:10 INFO: SENSITIVE_DATA: User email: user@example.com fetched profile data.
[BACKEND] 2024-09-01 11:00:00 INFO: SENSITIVE_DATA: User password is REDACTED
[BACKEND] 2024-09-01 11:00:00 INFO: SENSITIVE_DATA: User password is REDACTED
[BACKEND] 2024-09-01 11:00:00 INFO: SENSITIVE_DATA: User password is REDACTED
[BACKEND] 2024-09-01 11:00:00 INFO: SENSITIVE_DATA: User password is REDACTED
[BACKEND] 2024-09-01 11:00:00 INFO: SENSITIVE_DATA: User password is REDACTED
[FRONTEND] 2024-09-01 11:05:00 INFO: SENSITIVE_DATA: Session token for user admin is active.
[FRONTEND] 2024-09-01 11:05:00 INFO: SENSITIVE_DATA: Session token for user admin is active.
[FRONTEND] 2024-09-01 11:05:00 INFO: SENSITIVE_DATA: Session token for user admin is active.
[FRONTEND] 2024-09-01 11:05:00 INFO: SENSITIVE_DATA: Session token for user admin is active.
[FRONTEND] 2024-09-01 11:05:00 INFO: SENSITIVE_DATA: Session token for user admin is active.
[FRONTEND] 2024-09-01 11:30:00 ERROR: SENSITIVE_DATA: Failed login attempt for username: admin.
[FRONTEND] 2024-09-01 11:30:00 ERROR: SENSITIVE_DATA: Failed login attempt for username: admin.
[FRONTEND] 2024-09-01 11:30:00 ERROR: SENSITIVE_DATA: Failed login attempt for username: admin.
[FRONTEND] 2024-09-01 11:30:00 ERROR: SENSITIVE_DATA: Failed login attempt for username: admin.
[FRONTEND] 2024-09-01 11:30:00 ERROR: SENSITIVE_DATA: Failed login attempt for username: admin.
[BACKEND] 2024-09-01 12:30:45 ERROR: SENSITIVE_DATA: Unauthorized access attempt from IP 192.168.1.10.
[BACKEND] 2024-09-01 12:30:45 ERROR: SENSITIVE_DATA: Unauthorized access attempt from IP 192.168.1.10.
[BACKEND] 2024-09-01 12:30:45 ERROR: SENSITIVE_DATA: Unauthorized access attempt from IP 192.168.1.10.
[BACKEND] 2024-09-01 12:30:45 ERROR: SENSITIVE_DATA: Unauthorized access attempt from IP 192.168.1.10.
[BACKEND] 2024-09-01 12:30:45 ERROR: SENSITIVE_DATA: Unauthorized access attempt from IP 192.168.1.10.
[BACKEND] 2024-09-01 13:00:00 ERROR: SENSITIVE_DATA: Credit card information exposed.
[BACKEND] 2024-09-01 13:00:00 ERROR: SENSITIVE_DATA: Credit card information exposed.
[BACKEND] 2024-09-01 13:00:00 ERROR: SENSITIVE_DATA: Credit card information exposed.
[BACKEND] 2024-09-01 13:00:00 ERROR: SENSITIVE_DATA: Credit card information exposed.
[BACKEND] 2024-09-01 13:00:00 ERROR: SENSITIVE_DATA: Credit card information exposed.
[FRONTEND] 2024-09-01 14:15:30 ERROR: SENSITIVE_DATA: Credit card information exposed in logs.
[FRONTEND] 2024-09-01 14:15:30 ERROR: SENSITIVE_DATA: Credit card information exposed in logs.
[FRONTEND] 2024-09-01 14:15:30 ERROR: SENSITIVE_DATA: Credit card information exposed in logs.
[FRONTEND] 2024-09-01 14:15:30 ERROR: SENSITIVE_DATA: Credit card information exposed in logs.
[FRONTEND] 2024-09-01 14:15:30 ERROR: SENSITIVE_DATA: Credit card information exposed in logs.
[BACKEND] 2024-09-01 14:20:10 ERROR: Disk space low on /var.
[BACKEND] 2024-09-01 14:20:10 ERROR: Disk space low on /var.
[BACKEND] 2024-09-01 14:20:10 ERROR: Disk space low on /var.
[BACKEND] 2024-09-01 14:20:10 ERROR: Disk space low on /var.
[BACKEND] 2024-09-01 14:20:10 ERROR: Disk space low on /var.
[BACKEND] 2024-09-01 16:30:00 ERROR: Database connection failed.
[BACKEND] 2024-09-01 16:30:00 ERROR: Database connection failed.
[BACKEND] 2024-09-01 16:30:00 ERROR: Database connection failed.
[BACKEND] 2024-09-01 16:30:00 ERROR: Database connection failed.
[BACKEND] 2024-09-01 16:30:00 ERROR: Database connection failed.
[BACKEND] 2024-09-01 16:35:00 ERROR: Disk space low on /var.
[BACKEND] 2024-09-01 16:35:00 ERROR: Disk space low on /var.
[BACKEND] 2024-09-01 16:35:00 ERROR: Disk space low on /var.
[BACKEND] 2024-09-01 16:35:00 ERROR: Disk space low on /var.
[BACKEND] 2024-09-01 16:35:00 ERROR: Disk space low on /var.
[BACKEND] 2024-09-01 16:40:00 ERROR: Disk space low on /var.
[BACKEND] 2024-09-01 16:40:00 ERROR: Disk space low on /var.
[BACKEND] 2024-09-01 16:40:00 ERROR: Disk space low on /var.
[BACKEND] 2024-09-01 16:40:00 ERROR: Disk space low on /var.
[BACKEND] 2024-09-01 16:40:00 ERROR: Disk space low on /var.
[BACKEND] 2024-09-01 17:15:45 ERROR: Application crash due to memory leak.
[BACKEND] 2024-09-01 17:15:45 ERROR: Application crash due to memory leak.
[BACKEND] 2024-09-01 17:15:45 ERROR: Application crash due to memory leak.
[BACKEND] 2024-09-01 17:15:45 ERROR: Application crash due to memory leak.
[BACKEND] 2024-09-01 17:15:45 ERROR: Application crash due to memory leak.
[BACKEND] 2024-09-02 09:15:22 ERROR: SENSITIVE_DATA: User password reset request with token REDACTED
[BACKEND] 2024-09-02 09:15:22 ERROR: SENSITIVE_DATA: User password reset request with token REDACTED
[BACKEND] 2024-09-02 09:15:22 ERROR: SENSITIVE_DATA: User password reset request with token REDACTED
[BACKEND] 2024-09-02 09:15:22 ERROR: SENSITIVE_DATA: User password reset request with token REDACTED
[BACKEND] 2024-09-02 09:15:22 ERROR: SENSITIVE_DATA: User password reset request with token REDACTED
[FRONTEND] 2024-09-02 09:30:00 INFO: SENSITIVE_DATA: User password changed for user ID 67890.
[FRONTEND] 2024-09-02 09:30:00 INFO: SENSITIVE_DATA: User password changed for user ID 67890.
[FRONTEND] 2024-09-02 09:30:00 INFO: SENSITIVE_DATA: User password changed for user ID 67890.
[FRONTEND] 2024-09-02 09:30:00 INFO: SENSITIVE_DATA: User password changed for user ID 67890.
[FRONTEND] 2024-09-02 09:30:00 INFO: SENSITIVE_DATA: User password changed for user ID 67890.
[FRONTEND] 2024-09-02 10:00:00 ERROR: Unable to fetch data from the API: 500 Internal Server Error.
[FRONTEND] 2024-09-02 10:00:00 ERROR: Unable to fetch data from the API: 500 Internal Server Error.
[FRONTEND] 2024-09-02 10:00:00 ERROR: Unable to fetch data from the API: 500 Internal Server Error.
[FRONTEND] 2024-09-02 10:00:00 ERROR: Unable to fetch data from the API: 500 Internal Server Error.
[FRONTEND] 2024-09-02 10:00:00 ERROR: Unable to fetch data from the API: 500 Internal Server Error.
[BACKEND] 2024-09-02 10:00:30 INFO: SENSITIVE_DATA: User email: user@example.com accessed sensitive data.
[BACKEND] 2024-09-02 10:00:30 INFO: SENSITIVE_DATA: User email: user@example.com accessed sensitive data.
[BACKEND] 2024-09-02 10:00:30 INFO: SENSITIVE_DATA: User email: user@example.com accessed sensitive data.
[BACKEND] 2024-09-02 10:00:30 INFO: SENSITIVE_DATA: User email: user@example.com accessed sensitive data.
[BACKEND] 2024-09-02 10:00:30 INFO: SENSITIVE_DATA: User email: user@example.com accessed sensitive data.
[BACKEND] 2024-09-02 11:20:11 ERROR: SENSITIVE_DATA: Failed login attempt with username: guest.
[BACKEND] 2024-09-02 11:20:11 ERROR: SENSITIVE_DATA: Failed login attempt with username: guest.
[BACKEND] 2024-09-02 11:20:11 ERROR: SENSITIVE_DATA: Failed login attempt with username: guest.
[BACKEND] 2024-09-02 11:20:11 ERROR: SENSITIVE_DATA: Failed login attempt with username: guest.
[BACKEND] 2024-09-02 11:20:11 ERROR: SENSITIVE_DATA: Failed login attempt with username: guest.
[FRONTEND] 2024-09-02 12:30:00 INFO: SENSITIVE_DATA: User session initiated with token: REDACTED
[FRONTEND] 2024-09-02 12:30:00 INFO: SENSITIVE_DATA: User session initiated with token: REDACTED
[FRONTEND] 2024-09-02 12:30:00 INFO: SENSITIVE_DATA: User session initiated with token: REDACTED
[FRONTEND] 2024-09-02 12:30:00 INFO: SENSITIVE_DATA: User session initiated with token: REDACTED
[FRONTEND] 2024-09-02 12:30:00 INFO: SENSITIVE_DATA: User session initiated with token: REDACTED
[BACKEND] 2024-09-02 12:45:00 INFO: SENSITIVE_DATA: API key leaked: REDACTED
[BACKEND] 2024-09-02 12:45:00 INFO: SENSITIVE_DATA: API key leaked: REDACTED
[BACKEND] 2024-09-02 12:45:00 INFO: SENSITIVE_DATA: API key leaked: REDACTED
[BACKEND] 2024-09-02 12:45:00 INFO: SENSITIVE_DATA: API key leaked: REDACTED
[BACKEND] 2024-09-02 12:45:00 INFO: SENSITIVE_DATA: API key leaked: REDACTED
[FRONTEND] 2024-09-02 13:00:00 ERROR: Invalid token used for API request.
[FRONTEND] 2024-09-02 13:00:00 ERROR: Invalid token used for API request.
[FRONTEND] 2024-09-02 13:00:00 ERROR: Invalid token used for API request.
[FRONTEND] 2024-09-02 13:00:00 ERROR: Invalid token used for API request.
[FRONTEND] 2024-09-02 13:00:00 ERROR: Invalid token used for API request.
[BACKEND] 2024-09-02 14:15:00 ERROR: Database connection failed during maintenance.
[BACKEND] 2024-09-02 14:15:00 ERROR: Database connection failed during maintenance.
[BACKEND] 2024-09-02 14:15:00 ERROR: Database connection failed during maintenance.
[BACKEND] 2024-09-02 14:15:00 ERROR: Database connection failed during maintenance.
[BACKEND] 2024-09-02 14:15:00 ERROR: Database connection failed during maintenance.
[BACKEND] 2024-09-03 08:00:00 INFO: SENSITIVE_DATA: User credit card last four digits: REDACTED
[BACKEND] 2024-09-03 08:00:00 INFO: SENSITIVE_DATA: User credit card last four digits: REDACTED
[BACKEND] 2024-09-03 08:00:00 INFO: SENSITIVE_DATA: User credit card last four digits: REDACTED
[BACKEND] 2024-09-03 08:00:00 INFO: SENSITIVE_DATA: User credit card last four digits: REDACTED
[BACKEND] 2024-09-03 08:00:00 INFO: SENSITIVE_DATA: User credit card last four digits: REDACTED
[FRONTEND] 2024-09-03 09:00:00 ERROR: SENSITIVE_DATA: User IP 10.0.0.3 accessed sensitive endpoint.
[FRONTEND] 2024-09-03 09:00:00 ERROR: SENSITIVE_DATA: User IP 10.0.0.3 accessed sensitive endpoint.
[FRONTEND] 2024-09-03 09:00:00 ERROR: SENSITIVE_DATA: User IP 10.0.0.3 accessed sensitive endpoint.
[FRONTEND] 2024-09-03 09:00:00 ERROR: SENSITIVE_DATA: User IP 10.0.0.3 accessed sensitive endpoint.
[FRONTEND] 2024-09-03 09:00:00 ERROR: SENSITIVE_DATA: User IP 10.0.0.3 accessed sensitive endpoint.
[BACKEND] 2024-09-03 09:45:00 ERROR: Unauthorized access attempt from IP 192.168.1.15.
[BACKEND] 2024-09-03 09:45:00 ERROR: Unauthorized access attempt from IP 192.168.1.15.
[BACKEND] 2024-09-03 09:45:00 ERROR: Unauthorized access attempt from IP 192.168.1.15.
[BACKEND] 2024-09-03 09:45:00 ERROR: Unauthorized access attempt from IP 192.168.1.15.
[BACKEND] 2024-09-03 09:45:00 ERROR: Unauthorized access attempt from IP 192.168.1.15.
[FRONTEND] 2024-09-03 10:30:00 INFO: SENSITIVE_DATA: API key for external service accessed.
[FRONTEND] 2024-09-03 10:30:00 INFO: SENSITIVE_DATA: API key for external service accessed.
[FRONTEND] 2024-09-03 10:30:00 INFO: SENSITIVE_DATA: API key for external service accessed.
[FRONTEND] 2024-09-03 10:30:00 INFO: SENSITIVE_DATA: API key for external service accessed.
[FRONTEND] 2024-09-03 10:30:00 INFO: SENSITIVE_DATA: API key for external service accessed.
[BACKEND] 2024-09-03 12:00:00 ERROR: SENSITIVE_DATA: Database backup contains sensitive information.
[BACKEND] 2024-09-03 12:00:00 ERROR: SENSITIVE_DATA: Database backup contains sensitive information.
[BACKEND] 2024-09-03 12:00:00 ERROR: SENSITIVE_DATA: Database backup contains sensitive information.
[BACKEND] 2024-09-03 12:00:00 ERROR: SENSITIVE_DATA: Database backup contains sensitive information.
[BACKEND] 2024-09-03 12:00:00 ERROR: SENSITIVE_DATA: Database backup contains sensitive information.
